16-10-2025 12:36:53	This log contains information about the import schema operation into project 'SEAPI.Database' on computer 'WTIN05211855L' by user 'SESA750814'.
16-10-2025 12:36:53	Import of database schema has started.
16-10-2025 12:37:02	Gathering database credentials
16-10-2025 12:37:02	Gathering database options
16-10-2025 12:37:02	Gathering generic database scoped configuration option
16-10-2025 12:37:02	Gathering users
16-10-2025 12:37:02	Gathering roles
16-10-2025 12:37:02	Gathering application roles
16-10-2025 12:37:02	Gathering role memberships
16-10-2025 12:37:02	Gathering filegroups
16-10-2025 12:37:02	Gathering full-text catalogs
16-10-2025 12:37:02	Gathering assemblies
16-10-2025 12:37:02	Gathering certificates
16-10-2025 12:37:02	Gathering asymmetric keys
16-10-2025 12:37:02	Gathering symmetric keys
16-10-2025 12:37:02	Gathering encrypted symmetric keys
16-10-2025 12:37:02	Gathering schemas
16-10-2025 12:37:02	Gathering XML schema collections
16-10-2025 12:37:02	Gathering user-defined data types
16-10-2025 12:37:02	Gathering user-defined types
16-10-2025 12:37:02	Gathering table types
16-10-2025 12:37:02	Gathering unique keys for table types
16-10-2025 12:37:02	Gathering primary keys for table types
16-10-2025 12:37:02	Gathering indexes for table types
16-10-2025 12:37:02	Gathering check constraints for table types
16-10-2025 12:37:02	Gathering default constraints for table types
16-10-2025 12:37:02	Gathering partition functions
16-10-2025 12:37:02	Gathering partition schemes
16-10-2025 12:37:02	Gathering functions
16-10-2025 12:37:02	Gathering encrypted functions
16-10-2025 12:37:02	Gathering aggregates
16-10-2025 12:37:02	Gathering procedures
16-10-2025 12:37:03	Gathering encrypted procedures
16-10-2025 12:37:03	Gathering tables
16-10-2025 12:37:03	Gathering primary keys
16-10-2025 12:37:03	Gathering unique constraints
16-10-2025 12:37:03	Gathering foreign keys
16-10-2025 12:37:03	Gathering default constraints
16-10-2025 12:37:03	Gathering check constraints
16-10-2025 12:37:03	Gathering views
16-10-2025 12:37:03	Gathering encrypted views
16-10-2025 12:37:03	Gathering indexes
16-10-2025 12:37:03	Gathering statistics
16-10-2025 12:37:03	Gathering full-text index stoplists
16-10-2025 12:37:03	Gathering search property lists
16-10-2025 12:37:03	Gathering search properties
16-10-2025 12:37:03	Gathering full-text indexes
16-10-2025 12:37:03	Gathering column store indexes
16-10-2025 12:37:03	Gathering spatial indexes
16-10-2025 12:37:03	Gathering XML indexes
16-10-2025 12:37:03	Gathering Selective XML indexes
16-10-2025 12:37:03	Gathering encrypted triggers
16-10-2025 12:37:03	Gathering triggers
16-10-2025 12:37:03	Gathering encrypted and clr ddl triggers
16-10-2025 12:37:03	Gathering ddl triggers
16-10-2025 12:37:03	Creating edge constraints
16-10-2025 12:37:03	Gathering synonyms
16-10-2025 12:37:03	Gathering defaults
16-10-2025 12:37:03	Gathering data constraint uddt bindings
16-10-2025 12:37:03	Gathering rules
16-10-2025 12:37:03	Gathering data constraint uddt bindings
16-10-2025 12:37:03	Gathering message types
16-10-2025 12:37:03	Gathering queues
16-10-2025 12:37:03	Gathering contracts
16-10-2025 12:37:03	Gathering services
16-10-2025 12:37:03	Gathering event notifications
16-10-2025 12:37:03	Gathering remote service bindings
16-10-2025 12:37:03	Gathering broker priorities
16-10-2025 12:37:03	Gathering signatures
16-10-2025 12:37:03	Gathering compression options
16-10-2025 12:37:03	Gathering sequence types
16-10-2025 12:37:03	Gathering security policies
16-10-2025 12:37:03	Gather column encryption keys
16-10-2025 12:37:03	Gathering column master keys
16-10-2025 12:37:03	Gathering external data sources
16-10-2025 12:37:03	Gathering external file formats
16-10-2025 12:37:03	Gathering external tables
16-10-2025 12:37:03	Gathering extended properties
16-10-2025 12:37:03	Gathering assemblies
16-10-2025 12:37:04	Gathering credentials
16-10-2025 12:37:04	Gathering logins
16-10-2025 12:37:04	Gathering server audits
16-10-2025 12:37:05	Scanning project for duplicate elements
16-10-2025 12:37:05	Finished duplicate element processing
16-10-2025 12:37:06	Finished importing database.
16-10-2025 12:37:06	A summary of the import was saved to the following location: C:\Users\sesa750814\source\New_Repo\Sandhi_Api\SEAPI.Database\Import Schema Logs\SEAPI.Database_20251016070653.log
16-10-2025 12:37:06	Click Finish to continue...
